<?xml version="1.0" encoding="UTF-8"?>
<kert:test-plan xmlns="http://www.w3.org/1999/xhtml" xmlns:kert="http://kuberam.ro/ns/kert" xml:base="../core/teian.html"
	test-plan-version="0.4">
	<kert:description>Test plan for teian</kert:description>
	<kert:version>0.7</kert:version>
	<kert:results>
		<!--start of standard results - do not remove them -->
		<kert:result id="passed" icon-url="../resources/images/passed.png" font-color="white" background-color="green"
			score="0">Passed</kert:result>
		<kert:result id="failed" icon-url="../resources/images/failed.png" font-color="white" background-color="red"
			score="0">Failed</kert:result>
		<kert:result id="unfound" icon-url="" font-color="white" background-color="black" score="0">Unfound
		</kert:result>
		<kert:result id="undefined" icon-url="" font-color="white" background-color="black" score="0">Undefined result
			token
		</kert:result>
		<!--end of standard results - do not remove them -->
		<kert:result id="partial" icon-url="" font-color="white" background-color="yellow" score="0">Partial
		</kert:result>
		<kert:result id="unknown" icon-url="" font-color="black" background-color="white" score="0">Unknown
		</kert:result>
		<kert:result id="deprecated" icon-url="" font-color="white" background-color="green" score="0">Deprecated
		</kert:result>
		<kert:result id="timeout" icon-url="" font-color="white" background-color="green" score="0">Timeout
		</kert:result>
	</kert:results>
	<kert:test id="1">
		<kert:author>Claudius Teodorescu</kert:author>
		<kert:title>Rendering of Docbook vocabulary</kert:title>
		<kert:version>0.2</kert:version>
		<kert:description>
			This test is for rendering a file in DocBook format, styled with a specialized CSS stylesheet. If
			the test is rendered in
			a styled manner and can be edited by using the specific annotators, the test is passed.
		</kert:description>
		<kert:test-url>?content=../tests/resources/dita-sample-01.dita</kert:test-url>
		<kert:source-url></kert:source-url>
		<kert:assertion>//result-token</kert:assertion>
		<kert:timeout />
		<kert:run-status timestamp="" />
		<kert:development-status timestamp="" />
		<kert:log />
		<kert:loops-number />
		<kert:total-test-time />
		<kert:type>unattended</kert:type>
		<kert:assertion-type>assert-xml</kert:assertion-type>
	</kert:test>
	<kert:test id="3">
		<kert:author>Claudius Teodorescu</kert:author>
		<kert:title>Rendering of XLIFF vocabulary</kert:title>
		<kert:version>0.2</kert:version>
		<kert:description>
			This test is for rendering a file in XLIFF format, styled with a specialized CSS stylesheet. If the
			test is rendered in a styled manner and can
			be edited by using the specific annotators, the test is passed.
		</kert:description>
		<kert:test-url>?content=../tests/resources/xliff-sample-01.xml</kert:test-url>
		<kert:source-url></kert:source-url>
		<kert:assertion>//result-token</kert:assertion>
		<kert:timeout />
		<kert:run-status timestamp="" />
		<kert:development-status timestamp="" />
		<kert:log />
		<kert:loops-number />
		<kert:total-test-time />
		<kert:type>unattended</kert:type>
		<kert:assertion-type>assert-xml</kert:assertion-type>
	</kert:test>
	<kert:test id="2">
		<kert:author>Claudius Teodorescu</kert:author>
		<kert:title>Rendering of TEI vocabulary</kert:title>
		<kert:version>0.2</kert:version>
		<kert:description>
			This test is for rendering a file in TEI format, styled with a specialized CSS stylesheet. If the
			test is rendered in a styled manner and can
			be edited by using the specific annotators, the test is passed.
		</kert:description>
		<kert:test-url>?content=../tests/resources/tei-sample-01.xml</kert:test-url>
		<kert:source-url></kert:source-url>
		<kert:assertion>//result-token</kert:assertion>
		<kert:timeout />
		<kert:run-status timestamp="" />
		<kert:development-status timestamp="" />
		<kert:log />
		<kert:loops-number />
		<kert:total-test-time />
		<kert:type>unattended</kert:type>
		<kert:assertion-type>assert-xml</kert:assertion-type>
	</kert:test>
	<kert:test id="4">
		<kert:author>Claudius Teodorescu</kert:author>
		<kert:title>Rendering of DITA vocabulary</kert:title>
		<kert:version>0.2</kert:version>
		<kert:description>
			This test is for rendering a file in DITA format, styled with a specialized CSS stylesheet. If the
			test is rendered in a styled manner and can
			be edited by using the specific annotators, the test is passed.
		</kert:description>
		<kert:test-url>?content=../tests/resources/dita-sample-01.dita</kert:test-url>
		<kert:source-url></kert:source-url>
		<kert:assertion>//result-token</kert:assertion>
		<kert:timeout />
		<kert:run-status timestamp="" />
		<kert:development-status timestamp="" />
		<kert:log />
		<kert:loops-number />
		<kert:total-test-time />
		<kert:type>unattended</kert:type>
		<kert:assertion-type>assert-xml</kert:assertion-type>
	</kert:test>
	<kert:test id="5">
		<kert:author>Claudius Teodorescu</kert:author>
		<kert:title>Rendering of XProc vocabulary</kert:title>
		<kert:version>0.3</kert:version>
		<kert:description>
			This test is for rendering a file in XProc format, styled with a specialized CSS stylesheet. If the
			test is rendered in a styled manner and can
			be edited by using the specific annotators, the test is passed.
		</kert:description>
		<kert:test-url>?content=../tests/resources/xproc-sample-01.xml</kert:test-url>
		<kert:source-url></kert:source-url>
		<kert:assertion>//result-token</kert:assertion>
		<kert:timeout />
		<kert:run-status timestamp="" />
		<kert:development-status timestamp="" />
		<kert:log />
		<kert:loops-number />
		<kert:total-test-time />
		<kert:type>unattended</kert:type>
		<kert:assertion-type>assert-xml</kert:assertion-type>
	</kert:test>
	<kert:test id="6">
		<kert:author>Claudius Teodorescu</kert:author>
		<kert:title>Tokyo War Crimes</kert:title>
		<kert:version>0.2</kert:version>
		<kert:description>
			This test is for rendering Tokyo War Crimes file.
		</kert:description>
		<kert:test-url>?content=../tests/resources/tokyo-war-crimes.xml</kert:test-url>
		<kert:source-url></kert:source-url>
		<kert:assertion>//result-token</kert:assertion>
		<kert:timeout />
		<kert:run-status timestamp="" />
		<kert:development-status timestamp="" />
		<kert:log />
		<kert:loops-number />
		<kert:total-test-time />
		<kert:type>unattended</kert:type>
		<kert:assertion-type>assert-xml</kert:assertion-type>
	</kert:test>
	<kert:test id="7">
		<kert:author>Claudius Teodorescu</kert:author>
		<kert:title>Rendering of TEI vocabulary with change tracking</kert:title>
		<kert:version>0.2</kert:version>
		<kert:description>
			This test is for rendering a file in TEI format, styled with a specialized CSS stylesheet and with
			change tracking. If the
			test is rendered in a styled manner and can
			be edited by using the specific annotators, the
			test is passed.
		</kert:description>
		<kert:test-url>?session=../tests/unit-tests/tei-sample-02-session.xml&amp;content=../tests/resources/tei-sample-02.xml
		</kert:test-url>
		<kert:source-url></kert:source-url>
		<kert:assertion>//result-token</kert:assertion>
		<kert:timeout />
		<kert:run-status timestamp="" />
		<kert:development-status timestamp="" />
		<kert:log />
		<kert:loops-number />
		<kert:total-test-time />
		<kert:type>unattended</kert:type>
		<kert:assertion-type>assert-xml</kert:assertion-type>
	</kert:test>
	<kert:test id="8">
		<kert:author>Claudius Teodorescu</kert:author>
		<kert:title>Rendering of TEI vocabulary, dictionary section</kert:title>
		<kert:version>0.2</kert:version>
		<kert:description>
			This test is for rendering a file in TEI format, dictionary section, styled with a specialized CSS
			stylesheet and with change tracking. If the
			test is rendered in a styled manner and can
			be edited by using the specific
			annotators, the test is passed.
		</kert:description>
		<kert:test-url>?content=../tests/resources/tei-sample-03.xml</kert:test-url>
		<kert:source-url></kert:source-url>
		<kert:assertion>//result-token</kert:assertion>
		<kert:timeout />
		<kert:run-status timestamp="" />
		<kert:development-status timestamp="" />
		<kert:log />
		<kert:loops-number />
		<kert:total-test-time />
		<kert:type>unattended</kert:type>
		<kert:assertion-type>assert-xml</kert:assertion-type>
	</kert:test>
	<kert:test id="9">
		<kert:author>Claudius Teodorescu</kert:author>
		<kert:title>Missing content url</kert:title>
		<kert:version>0.1</kert:version>
		<kert:description>
			This test is for the non-fatal (recoverable) error that occurs when the 'content' parameter of the
			teian main page's query string is missing. If the default content is specifying that the content is missing, the test is
			passed.
		</kert:description>
		<kert:test-url></kert:test-url>
		<kert:source-url></kert:source-url>
		<kert:assertion>//result-token</kert:assertion>
		<kert:timeout />
		<kert:run-status timestamp="" />
		<kert:development-status timestamp="" />
		<kert:log />
		<kert:loops-number />
		<kert:total-test-time />
		<kert:type>unattended</kert:type>
		<kert:assertion-type>assert-xml</kert:assertion-type>
	</kert:test>
	<kert:test id="10">
		<kert:author>Claudius Teodorescu</kert:author>
		<kert:title>Wrong content url</kert:title>
		<kert:version>0.1</kert:version>
		<kert:description>
			This test is for the non-fatal (recoverable) error that occurs when the 'content' parameter of the
			teian main page's query string is wrong. If the default content is specifying that the content is missing, the test is
			passed.
		</kert:description>
		<kert:test-url>?content=../tests/resources/wrong-url.xml</kert:test-url>
		<kert:source-url></kert:source-url>
		<kert:assertion>//result-token</kert:assertion>
		<kert:timeout />
		<kert:run-status timestamp="" />
		<kert:development-status timestamp="" />
		<kert:log />
		<kert:loops-number />
		<kert:total-test-time />
		<kert:type>unattended</kert:type>
		<kert:assertion-type>assert-xml</kert:assertion-type>
	</kert:test>
	<kert:test id="11">
		<kert:author>Claudius Teodorescu</kert:author>
		<kert:title>External links list in TEI</kert:title>
		<kert:version>0.1</kert:version>
		<kert:description>
			This test is for displaying a list of external links in TEI. If the list is displayed, the test is passed.
		</kert:description>
		<kert:test-url>?content=../tests/resources/tei-linkGrp.xml</kert:test-url>
		<kert:source-url></kert:source-url>
		<kert:assertion>//result-token</kert:assertion>
		<kert:timeout />
		<kert:run-status timestamp="" />
		<kert:development-status timestamp="" />
		<kert:log />
		<kert:loops-number />
		<kert:total-test-time />
		<kert:type>unattended</kert:type>
		<kert:assertion-type>assert-xml</kert:assertion-type>
	</kert:test>
	<kert:traceability-matrix />
	<kert:test-tree>
		<ul id="data">
			<li id="tree-1" title="Test 1">Rendering of Docbook vocabulary</li>
			<li id="tree-3" title="Test 3">Rendering of XLIFF vocabulary</li>
			<li id="tree-2" title="Test 2">Rendering of TEI vocabulary</li>
			<li id="tree-4" title="Test 4">Rendering of DITA vocabulary</li>
			<li id="tree-5" title="Test 5">Rendering of XProc vocabulary</li>
			<li id="tree-6" title="Test 6">Tokyo War Crimes</li>
			<li id="tree-7" title="Test 7">Rendering of TEI vocabulary with change tracking</li>
			<li id="tree-8" title="Test 8">Rendering of TEI vocabulary, dictionary section</li>
			<li id="tree-9" title="Test 9">Missing content url</li>
			<li id="tree-10" title="Test 10">Wrong content url</li>
			<li id="tree-11" title="Test 11">External links list in TEI</li>
		</ul>
	</kert:test-tree>
</kert:test-plan>